[2021/10/18-16:26:34] [restartedMain] [INFO ] [com.example.data_collection.DataCollectionApplication] : Starting DataCollectionApplication using Java 1.8.0_161 on DESKTOP-Q163O02 with PID 24200 (E:\BeeTeam\所有项目\data_collection\target\classes started by fhrdr in E:\BeeTeam\所有项目\data_collection)
[2021/10/18-16:26:34] [restartedMain] [INFO ] [com.example.data_collection.DataCollectionApplication] : No active profile set, falling back to default profiles: default
[2021/10/18-16:26:40] [restartedMain] [INFO ] [com.example.data_collection.DataCollectionApplication] : Started DataCollectionApplication in 6.693 seconds (JVM running for 7.831)
[2021/10/18-16:27:18] [http-nio-8080-exec-3] [INFO ] [com.example.data_collection.utils.PrintIpAddress] : 0:0:0:0:0:0:0:1 登录学生选择系统...
[2021/10/18-16:28:09] [restartedMain] [INFO ] [com.example.data_collection.DataCollectionApplication] : Starting DataCollectionApplication using Java 1.8.0_161 on DESKTOP-Q163O02 with PID 15244 (E:\BeeTeam\所有项目\data_collection\target\classes started by fhrdr in E:\BeeTeam\所有项目\data_collection)
[2021/10/18-16:28:09] [restartedMain] [INFO ] [com.example.data_collection.DataCollectionApplication] : No active profile set, falling back to default profiles: default
[2021/10/18-16:28:13] [restartedMain] [INFO ] [com.example.data_collection.DataCollectionApplication] : Started DataCollectionApplication in 3.674 seconds (JVM running for 4.491)
[2021/10/18-16:29:33] [restartedMain] [INFO ] [com.example.data_collection.DataCollectionApplication] : Starting DataCollectionApplication using Java 1.8.0_161 on DESKTOP-Q163O02 with PID 22008 (E:\BeeTeam\所有项目\data_collection\target\classes started by fhrdr in E:\BeeTeam\所有项目\data_collection)
[2021/10/18-16:29:33] [restartedMain] [INFO ] [com.example.data_collection.DataCollectionApplication] : No active profile set, falling back to default profiles: default
[2021/10/18-16:29:36] [restartedMain] [INFO ] [com.example.data_collection.DataCollectionApplication] : Started DataCollectionApplication in 3.687 seconds (JVM running for 4.446)
[2021/10/18-16:34:37] [restartedMain] [INFO ] [com.example.data_collection.DataCollectionApplication] : Starting DataCollectionApplication using Java 1.8.0_161 on DESKTOP-Q163O02 with PID 23416 (E:\BeeTeam\所有项目\data_collection\target\classes started by fhrdr in E:\BeeTeam\所有项目\data_collection)
[2021/10/18-16:34:37] [restartedMain] [INFO ] [com.example.data_collection.DataCollectionApplication] : No active profile set, falling back to default profiles: default
[2021/10/18-16:34:40] [restartedMain] [INFO ] [com.example.data_collection.DataCollectionApplication] : Started DataCollectionApplication in 3.55 seconds (JVM running for 4.325)
[2021/10/18-16:35:23] [restartedMain] [INFO ] [com.example.data_collection.DataCollectionApplication] : Starting DataCollectionApplication using Java 1.8.0_161 on DESKTOP-Q163O02 with PID 23712 (E:\BeeTeam\所有项目\data_collection\target\classes started by fhrdr in E:\BeeTeam\所有项目\data_collection)
[2021/10/18-16:35:23] [restartedMain] [INFO ] [com.example.data_collection.DataCollectionApplication] : No active profile set, falling back to default profiles: default
[2021/10/18-16:35:27] [restartedMain] [INFO ] [com.example.data_collection.DataCollectionApplication] : Started DataCollectionApplication in 3.517 seconds (JVM running for 4.288)
[2021/10/18-16:36:55] [restartedMain] [INFO ] [com.example.data_collection.DataCollectionApplication] : Starting DataCollectionApplication using Java 1.8.0_161 on DESKTOP-Q163O02 with PID 7892 (E:\BeeTeam\所有项目\data_collection\target\classes started by fhrdr in E:\BeeTeam\所有项目\data_collection)
[2021/10/18-16:36:55] [restartedMain] [INFO ] [com.example.data_collection.DataCollectionApplication] : No active profile set, falling back to default profiles: default
[2021/10/18-16:36:58] [restartedMain] [INFO ] [com.example.data_collection.DataCollectionApplication] : Started DataCollectionApplication in 3.581 seconds (JVM running for 4.366)
[2021/10/18-16:37:43] [restartedMain] [INFO ] [com.example.data_collection.DataCollectionApplication] : Starting DataCollectionApplication using Java 1.8.0_161 on DESKTOP-Q163O02 with PID 10640 (E:\BeeTeam\所有项目\data_collection\target\classes started by fhrdr in E:\BeeTeam\所有项目\data_collection)
[2021/10/18-16:37:43] [restartedMain] [INFO ] [com.example.data_collection.DataCollectionApplication] : No active profile set, falling back to default profiles: default
[2021/10/18-16:37:46] [restartedMain] [INFO ] [com.example.data_collection.DataCollectionApplication] : Started DataCollectionApplication in 3.55 seconds (JVM running for 4.303)
[2021/10/18-16:38:24] [restartedMain] [INFO ] [com.example.data_collection.DataCollectionApplication] : Starting DataCollectionApplication using Java 1.8.0_161 on DESKTOP-Q163O02 with PID 17932 (E:\BeeTeam\所有项目\data_collection\target\classes started by fhrdr in E:\BeeTeam\所有项目\data_collection)
[2021/10/18-16:38:24] [restartedMain] [INFO ] [com.example.data_collection.DataCollectionApplication] : No active profile set, falling back to default profiles: default
[2021/10/18-16:38:27] [restartedMain] [INFO ] [com.example.data_collection.DataCollectionApplication] : Started DataCollectionApplication in 3.588 seconds (JVM running for 4.365)
[2021/10/18-16:39:05] [restartedMain] [INFO ] [com.example.data_collection.DataCollectionApplication] : Starting DataCollectionApplication using Java 1.8.0_161 on DESKTOP-Q163O02 with PID 23200 (E:\BeeTeam\所有项目\data_collection\target\classes started by fhrdr in E:\BeeTeam\所有项目\data_collection)
[2021/10/18-16:39:05] [restartedMain] [INFO ] [com.example.data_collection.DataCollectionApplication] : No active profile set, falling back to default profiles: default
[2021/10/18-16:39:08] [restartedMain] [INFO ] [com.example.data_collection.DataCollectionApplication] : Started DataCollectionApplication in 3.585 seconds (JVM running for 4.367)
[2021/10/18-16:40:27] [restartedMain] [INFO ] [com.example.data_collection.DataCollectionApplication] : Starting DataCollectionApplication using Java 1.8.0_161 on DESKTOP-Q163O02 with PID 8620 (E:\BeeTeam\所有项目\data_collection\target\classes started by fhrdr in E:\BeeTeam\所有项目\data_collection)
[2021/10/18-16:40:27] [restartedMain] [INFO ] [com.example.data_collection.DataCollectionApplication] : No active profile set, falling back to default profiles: default
[2021/10/18-16:40:31] [restartedMain] [INFO ] [com.example.data_collection.DataCollectionApplication] : Started DataCollectionApplication in 3.856 seconds (JVM running for 4.715)
[2021/10/18-16:40:35] [restartedMain] [INFO ] [com.example.data_collection.DataCollectionApplication] : Starting DataCollectionApplication using Java 1.8.0_161 on DESKTOP-Q163O02 with PID 10460 (E:\BeeTeam\所有项目\data_collection\target\classes started by fhrdr in E:\BeeTeam\所有项目\data_collection)
[2021/10/18-16:40:35] [restartedMain] [INFO ] [com.example.data_collection.DataCollectionApplication] : No active profile set, falling back to default profiles: default
[2021/10/18-16:40:39] [restartedMain] [INFO ] [com.example.data_collection.DataCollectionApplication] : Started DataCollectionApplication in 3.69 seconds (JVM running for 4.449)
[2021/10/18-16:42:26] [restartedMain] [INFO ] [com.example.data_collection.DataCollectionApplication] : Starting DataCollectionApplication using Java 1.8.0_161 on DESKTOP-Q163O02 with PID 19584 (E:\BeeTeam\所有项目\data_collection\target\classes started by fhrdr in E:\BeeTeam\所有项目\data_collection)
[2021/10/18-16:42:26] [restartedMain] [INFO ] [com.example.data_collection.DataCollectionApplication] : No active profile set, falling back to default profiles: default
[2021/10/18-16:42:30] [restartedMain] [INFO ] [com.example.data_collection.DataCollectionApplication] : Started DataCollectionApplication in 3.56 seconds (JVM running for 4.331)
[2021/10/18-16:45:51] [restartedMain] [INFO ] [com.example.data_collection.DataCollectionApplication] : Starting DataCollectionApplication using Java 1.8.0_161 on DESKTOP-Q163O02 with PID 14184 (E:\BeeTeam\所有项目\data_collection\target\classes started by fhrdr in E:\BeeTeam\所有项目\data_collection)
[2021/10/18-16:45:51] [restartedMain] [INFO ] [com.example.data_collection.DataCollectionApplication] : No active profile set, falling back to default profiles: default
[2021/10/18-16:45:55] [restartedMain] [INFO ] [com.example.data_collection.DataCollectionApplication] : Started DataCollectionApplication in 3.541 seconds (JVM running for 4.301)
[2021/10/18-16:48:45] [restartedMain] [INFO ] [com.example.data_collection.DataCollectionApplication] : Starting DataCollectionApplication using Java 1.8.0_161 on DESKTOP-Q163O02 with PID 3632 (E:\BeeTeam\所有项目\data_collection\target\classes started by fhrdr in E:\BeeTeam\所有项目\data_collection)
[2021/10/18-16:48:45] [restartedMain] [INFO ] [com.example.data_collection.DataCollectionApplication] : No active profile set, falling back to default profiles: default
[2021/10/18-16:48:48] [restartedMain] [INFO ] [com.example.data_collection.DataCollectionApplication] : Started DataCollectionApplication in 3.831 seconds (JVM running for 4.644)
[2021/10/18-16:51:30] [restartedMain] [INFO ] [com.example.data_collection.DataCollectionApplication] : Starting DataCollectionApplication using Java 1.8.0_161 on DESKTOP-Q163O02 with PID 12292 (E:\BeeTeam\所有项目\data_collection\target\classes started by fhrdr in E:\BeeTeam\所有项目\data_collection)
[2021/10/18-16:51:30] [restartedMain] [INFO ] [com.example.data_collection.DataCollectionApplication] : No active profile set, falling back to default profiles: default
[2021/10/18-16:51:33] [restartedMain] [INFO ] [com.example.data_collection.DataCollectionApplication] : Started DataCollectionApplication in 3.548 seconds (JVM running for 4.29)
[2021/10/18-16:53:12] [restartedMain] [INFO ] [com.example.data_collection.DataCollectionApplication] : Starting DataCollectionApplication using Java 1.8.0_161 on DESKTOP-Q163O02 with PID 22028 (E:\BeeTeam\所有项目\data_collection\target\classes started by fhrdr in E:\BeeTeam\所有项目\data_collection)
[2021/10/18-16:53:12] [restartedMain] [INFO ] [com.example.data_collection.DataCollectionApplication] : No active profile set, falling back to default profiles: default
[2021/10/18-16:53:16] [restartedMain] [INFO ] [com.example.data_collection.DataCollectionApplication] : Started DataCollectionApplication in 3.767 seconds (JVM running for 4.571)
[2021/10/18-16:56:34] [main] [INFO ] [com.example.data_collection.DataCollectionApplicationTests] : Starting DataCollectionApplicationTests using Java 1.8.0_161 on DESKTOP-Q163O02 with PID 12252 (started by fhrdr in E:\BeeTeam\所有项目\data_collection)
[2021/10/18-16:56:34] [main] [INFO ] [com.example.data_collection.DataCollectionApplicationTests] : No active profile set, falling back to default profiles: default
[2021/10/18-16:56:40] [main] [INFO ] [com.example.data_collection.DataCollectionApplicationTests] : Started DataCollectionApplicationTests in 6.391 seconds (JVM running for 7.64)
[2021/10/18-19:35:15] [restartedMain] [INFO ] [com.example.data_collection.DataCollectionApplication] : Starting DataCollectionApplication using Java 1.8.0_161 on DESKTOP-Q163O02 with PID 4056 (E:\BeeTeam\所有项目\data_collection\target\classes started by fhrdr in E:\BeeTeam\所有项目\data_collection)
[2021/10/18-19:35:15] [restartedMain] [INFO ] [com.example.data_collection.DataCollectionApplication] : No active profile set, falling back to default profiles: default
[2021/10/18-19:35:20] [restartedMain] [INFO ] [com.example.data_collection.DataCollectionApplication] : Started DataCollectionApplication in 4.696 seconds (JVM running for 5.905)
[2021/10/18-19:44:55] [restartedMain] [INFO ] [com.example.data_collection.DataCollectionApplication] : Starting DataCollectionApplication using Java 1.8.0_161 on DESKTOP-Q163O02 with PID 3988 (E:\BeeTeam\所有项目\data_collection\target\classes started by fhrdr in E:\BeeTeam\所有项目\data_collection)
[2021/10/18-19:44:55] [restartedMain] [INFO ] [com.example.data_collection.DataCollectionApplication] : No active profile set, falling back to default profiles: default
[2021/10/18-19:44:58] [restartedMain] [INFO ] [com.example.data_collection.DataCollectionApplication] : Started DataCollectionApplication in 3.572 seconds (JVM running for 4.327)
[2021/10/18-19:47:15] [restartedMain] [INFO ] [com.example.data_collection.DataCollectionApplication] : Starting DataCollectionApplication using Java 1.8.0_161 on DESKTOP-Q163O02 with PID 19004 (E:\BeeTeam\所有项目\data_collection\target\classes started by fhrdr in E:\BeeTeam\所有项目\data_collection)
[2021/10/18-19:47:15] [restartedMain] [INFO ] [com.example.data_collection.DataCollectionApplication] : No active profile set, falling back to default profiles: default
[2021/10/18-19:47:18] [restartedMain] [INFO ] [com.example.data_collection.DataCollectionApplication] : Started DataCollectionApplication in 3.637 seconds (JVM running for 4.402)
[2021/10/18-20:18:14] [restartedMain] [INFO ] [com.example.data_collection.DataCollectionApplication] : Starting DataCollectionApplication using Java 1.8.0_161 on DESKTOP-Q163O02 with PID 20784 (E:\BeeTeam\所有项目\data_collection\target\classes started by fhrdr in E:\BeeTeam\所有项目\data_collection)
[2021/10/18-20:18:14] [restartedMain] [INFO ] [com.example.data_collection.DataCollectionApplication] : No active profile set, falling back to default profiles: default
[2021/10/18-20:18:17] [restartedMain] [INFO ] [com.example.data_collection.DataCollectionApplication] : Started DataCollectionApplication in 3.863 seconds (JVM running for 4.681)
[2021/10/18-21:33:49] [main] [INFO ] [com.example.data_collection.DataCollectionApplicationTests] : Starting DataCollectionApplicationTests using Java 1.8.0_161 on DESKTOP-Q163O02 with PID 22032 (started by fhrdr in E:\BeeTeam\所有项目\data_collection)
[2021/10/18-21:33:49] [main] [INFO ] [com.example.data_collection.DataCollectionApplicationTests] : No active profile set, falling back to default profiles: default
[2021/10/18-21:33:54] [main] [INFO ] [com.example.data_collection.DataCollectionApplicationTests] : Started DataCollectionApplicationTests in 5.876 seconds (JVM running for 6.867)
[2021/10/18-23:51:30] [restartedMain] [INFO ] [com.example.data_collection.DataCollectionApplication] : Starting DataCollectionApplication using Java 1.8.0_161 on DESKTOP-Q163O02 with PID 23684 (E:\BeeTeam\所有项目\data_collection\target\classes started by fhrdr in E:\BeeTeam\所有项目\data_collection)
[2021/10/18-23:51:30] [restartedMain] [INFO ] [com.example.data_collection.DataCollectionApplication] : No active profile set, falling back to default profiles: default
[2021/10/18-23:51:33] [restartedMain] [INFO ] [com.example.data_collection.DataCollectionApplication] : Started DataCollectionApplication in 4.01 seconds (JVM running for 4.827)
[2021/10/18-23:54:56] [restartedMain] [INFO ] [com.example.data_collection.DataCollectionApplication] : Starting DataCollectionApplication using Java 1.8.0_161 on DESKTOP-Q163O02 with PID 14816 (E:\BeeTeam\所有项目\data_collection\target\classes started by fhrdr in E:\BeeTeam\所有项目\data_collection)
[2021/10/18-23:54:56] [restartedMain] [INFO ] [com.example.data_collection.DataCollectionApplication] : No active profile set, falling back to default profiles: default
[2021/10/18-23:54:59] [restartedMain] [INFO ] [com.example.data_collection.DataCollectionApplication] : Started DataCollectionApplication in 3.999 seconds (JVM running for 4.799)
