[2021/10/17-18:17:59] [restartedMain] [INFO ] [com.example.data_collection.DataCollectionApplication] : Starting DataCollectionApplication using Java 1.8.0_161 on DESKTOP-Q163O02 with PID 3556 (E:\BeeTeam\所有项目\data_collection\target\classes started by fhrdr in E:\BeeTeam\所有项目\data_collection)
[2021/10/17-18:17:59] [restartedMain] [INFO ] [com.example.data_collection.DataCollectionApplication] : No active profile set, falling back to default profiles: default
[2021/10/17-18:18:02] [restartedMain] [INFO ] [com.example.data_collection.DataCollectionApplication] : Started DataCollectionApplication in 3.926 seconds (JVM running for 4.744)
[2021/10/17-18:18:32] [restartedMain] [INFO ] [com.example.data_collection.DataCollectionApplication] : Starting DataCollectionApplication using Java 1.8.0_161 on DESKTOP-Q163O02 with PID 12636 (E:\BeeTeam\所有项目\data_collection\target\classes started by fhrdr in E:\BeeTeam\所有项目\data_collection)
[2021/10/17-18:18:32] [restartedMain] [INFO ] [com.example.data_collection.DataCollectionApplication] : No active profile set, falling back to default profiles: default
[2021/10/17-18:18:36] [restartedMain] [INFO ] [com.example.data_collection.DataCollectionApplication] : Started DataCollectionApplication in 4.217 seconds (JVM running for 5.005)
[2021/10/17-18:18:58] [http-nio-8080-exec-1] [INFO ] [com.example.data_collection.utils.PrintIpAddress] : 0:0:0:0:0:0:0:1 登录学生选择系统...
[2021/10/17-18:23:19] [restartedMain] [INFO ] [com.example.data_collection.DataCollectionApplication] : Starting DataCollectionApplication using Java 1.8.0_161 on DESKTOP-Q163O02 with PID 18332 (E:\BeeTeam\所有项目\data_collection\target\classes started by fhrdr in E:\BeeTeam\所有项目\data_collection)
[2021/10/17-18:23:19] [restartedMain] [INFO ] [com.example.data_collection.DataCollectionApplication] : No active profile set, falling back to default profiles: default
[2021/10/17-18:23:22] [restartedMain] [INFO ] [com.example.data_collection.DataCollectionApplication] : Started DataCollectionApplication in 3.7 seconds (JVM running for 4.47)
[2021/10/17-18:24:43] [restartedMain] [INFO ] [com.example.data_collection.DataCollectionApplication] : Starting DataCollectionApplication using Java 1.8.0_161 on DESKTOP-Q163O02 with PID 8492 (E:\BeeTeam\所有项目\data_collection\target\classes started by fhrdr in E:\BeeTeam\所有项目\data_collection)
[2021/10/17-18:24:43] [restartedMain] [INFO ] [com.example.data_collection.DataCollectionApplication] : No active profile set, falling back to default profiles: default
[2021/10/17-18:24:46] [restartedMain] [INFO ] [com.example.data_collection.DataCollectionApplication] : Started DataCollectionApplication in 3.895 seconds (JVM running for 4.649)
[2021/10/17-18:27:44] [restartedMain] [INFO ] [com.example.data_collection.DataCollectionApplication] : Starting DataCollectionApplication using Java 1.8.0_161 on DESKTOP-Q163O02 with PID 2516 (E:\BeeTeam\所有项目\data_collection\target\classes started by fhrdr in E:\BeeTeam\所有项目\data_collection)
[2021/10/17-18:27:44] [restartedMain] [INFO ] [com.example.data_collection.DataCollectionApplication] : No active profile set, falling back to default profiles: default
[2021/10/17-18:27:48] [restartedMain] [INFO ] [com.example.data_collection.DataCollectionApplication] : Started DataCollectionApplication in 3.862 seconds (JVM running for 4.609)
[2021/10/17-18:27:57] [restartedMain] [INFO ] [com.example.data_collection.DataCollectionApplication] : Starting DataCollectionApplication using Java 1.8.0_161 on DESKTOP-Q163O02 with PID 19352 (E:\BeeTeam\所有项目\data_collection\target\classes started by fhrdr in E:\BeeTeam\所有项目\data_collection)
[2021/10/17-18:27:57] [restartedMain] [INFO ] [com.example.data_collection.DataCollectionApplication] : No active profile set, falling back to default profiles: default
[2021/10/17-18:28:00] [restartedMain] [INFO ] [com.example.data_collection.DataCollectionApplication] : Started DataCollectionApplication in 3.618 seconds (JVM running for 4.36)
[2021/10/17-18:29:06] [restartedMain] [INFO ] [com.example.data_collection.DataCollectionApplication] : Starting DataCollectionApplication using Java 1.8.0_161 on DESKTOP-Q163O02 with PID 14044 (E:\BeeTeam\所有项目\data_collection\target\classes started by fhrdr in E:\BeeTeam\所有项目\data_collection)
[2021/10/17-18:29:06] [restartedMain] [INFO ] [com.example.data_collection.DataCollectionApplication] : No active profile set, falling back to default profiles: default
[2021/10/17-18:29:09] [restartedMain] [INFO ] [com.example.data_collection.DataCollectionApplication] : Started DataCollectionApplication in 3.604 seconds (JVM running for 4.358)
[2021/10/17-18:29:33] [restartedMain] [INFO ] [com.example.data_collection.DataCollectionApplication] : Starting DataCollectionApplication using Java 1.8.0_161 on DESKTOP-Q163O02 with PID 21352 (E:\BeeTeam\所有项目\data_collection\target\classes started by fhrdr in E:\BeeTeam\所有项目\data_collection)
[2021/10/17-18:29:33] [restartedMain] [INFO ] [com.example.data_collection.DataCollectionApplication] : No active profile set, falling back to default profiles: default
[2021/10/17-18:29:37] [restartedMain] [INFO ] [com.example.data_collection.DataCollectionApplication] : Started DataCollectionApplication in 3.623 seconds (JVM running for 4.362)
[2021/10/17-18:30:14] [restartedMain] [INFO ] [com.example.data_collection.DataCollectionApplication] : Starting DataCollectionApplication using Java 1.8.0_161 on DESKTOP-Q163O02 with PID 15552 (E:\BeeTeam\所有项目\data_collection\target\classes started by fhrdr in E:\BeeTeam\所有项目\data_collection)
[2021/10/17-18:30:14] [restartedMain] [INFO ] [com.example.data_collection.DataCollectionApplication] : No active profile set, falling back to default profiles: default
[2021/10/17-18:30:17] [restartedMain] [INFO ] [com.example.data_collection.DataCollectionApplication] : Started DataCollectionApplication in 3.658 seconds (JVM running for 4.441)
[2021/10/17-18:32:25] [main] [INFO ] [com.example.data_collection.DataCollectionApplicationTests] : Starting DataCollectionApplicationTests using Java 1.8.0_161 on DESKTOP-Q163O02 with PID 23440 (started by fhrdr in E:\BeeTeam\所有项目\data_collection)
[2021/10/17-18:32:25] [main] [INFO ] [com.example.data_collection.DataCollectionApplicationTests] : No active profile set, falling back to default profiles: default
[2021/10/17-18:32:30] [main] [INFO ] [com.example.data_collection.DataCollectionApplicationTests] : Started DataCollectionApplicationTests in 5.563 seconds (JVM running for 6.512)
[2021/10/17-20:08:19] [restartedMain] [INFO ] [com.example.data_collection.DataCollectionApplication] : Starting DataCollectionApplication using Java 1.8.0_161 on DESKTOP-Q163O02 with PID 15200 (E:\BeeTeam\所有项目\data_collection\target\classes started by fhrdr in E:\BeeTeam\所有项目\data_collection)
[2021/10/17-20:08:19] [restartedMain] [INFO ] [com.example.data_collection.DataCollectionApplication] : No active profile set, falling back to default profiles: default
[2021/10/17-20:08:23] [restartedMain] [INFO ] [com.example.data_collection.DataCollectionApplication] : Started DataCollectionApplication in 3.861 seconds (JVM running for 4.706)
